TN:
SF:C:\Users\Daniel\IdeaProjects\Eat4Speed\src\main\eat4speed_frontend\src\components\HelloWorld.vue
FN:98,(anonymous_1)
FNF:1
FNH:1
FNDA:1,(anonymous_1)
DA:98,1
LF:1
LH:1
BRF:0
BRH:0
end_of_record
TN:
SF:C:\Users\Daniel\IdeaProjects\Eat4Speed\src\main\eat4speed_frontend\src\plugins\vuetify.js
FNF:0
FNH:0
DA:4,0
LF:1
LH:0
BRF:0
BRH:0
end_of_record
TN:
SF:C:\Users\Daniel\IdeaProjects\Eat4Speed\src\main\eat4speed_frontend\src\router\index.js
FN:19,(anonymous_0)
FNF:1
FNH:0
FNDA:0,(anonymous_0)
DA:5,0
DA:7,0
DA:19,0
DA:23,0
LF:4
LH:0
BRF:0
BRH:0
end_of_record
TN:
SF:C:\Users\Daniel\IdeaProjects\Eat4Speed\src\main\eat4speed_frontend\src\store\index.js
FNF:0
FNH:0
DA:4,0
LF:1
LH:0
BRF:0
BRH:0
end_of_record
TN:
SF:C:\Users\Daniel\IdeaProjects\Eat4Speed\src\main\eat4speed_frontend\src\views\Home.vue
FNF:0
FNH:0
DA:10,0
LF:1
LH:0
BRF:0
BRH:0
end_of_record
