{"C:\\Users\\Daniel\\IdeaProjects\\Eat4Speed\\src\\main\\eat4speed_frontend\\src\\components\\HelloWorld.vue": {"path":"C:\\Users\\Daniel\\IdeaProjects\\Eat4Speed\\src\\main\\eat4speed_frontend\\src\\components\\HelloWorld.vue","statementMap":{"0":{"start":{"line":98,"column":0},"end":{"line":98,"column":null}}},"fnMap":{"0":{"name":"(anonymous_1)","decl":{"start":{"line":98,"column":0},"end":{"line":98,"column":null}},"loc":{"start":{"line":98,"column":0},"end":{"line":98,"column":null}}}},"branchMap":{},"s":{"0":1},"f":{"0":1},"b":{}}
,"C:\\Users\\Daniel\\IdeaProjects\\Eat4Speed\\src\\main\\eat4speed_frontend\\src\\plugins\\vuetify.js": {"path":"C:\\Users\\Daniel\\IdeaProjects\\Eat4Speed\\src\\main\\eat4speed_frontend\\src\\plugins\\vuetify.js","statementMap":{"0":{"start":{"line":4,"column":0},"end":{"line":4,"column":17}}},"fnMap":{},"branchMap":{},"s":{"0":0},"f":{},"b":{},"hash":"65ddf7d58fdc9ff4ef07abc2fca760309235f787"}
,"C:\\Users\\Daniel\\IdeaProjects\\Eat4Speed\\src\\main\\eat4speed_frontend\\src\\router\\index.js": {"path":"C:\\Users\\Daniel\\IdeaProjects\\Eat4Speed\\src\\main\\eat4speed_frontend\\src\\router\\index.js","statementMap":{"0":{"start":{"line":5,"column":0},"end":{"line":5,"column":18}},"1":{"start":{"line":7,"column":15},"end":{"line":21,"column":1}},"2":{"start":{"line":19,"column":21},"end":{"line":19,"column":81}},"3":{"start":{"line":23,"column":15},"end":{"line":27,"column":2}}},"fnMap":{"0":{"name":"(anonymous_0)","decl":{"start":{"line":19,"column":15},"end":{"line":19,"column":16}},"loc":{"start":{"line":19,"column":21},"end":{"line":19,"column":81}},"line":19}},"branchMap":{},"s":{"0":0,"1":0,"2":0,"3":0},"f":{"0":0},"b":{},"hash":"ced2a943cdbd43305745a28784871aed002b10ee"}
,"C:\\Users\\Daniel\\IdeaProjects\\Eat4Speed\\src\\main\\eat4speed_frontend\\src\\store\\index.js": {"path":"C:\\Users\\Daniel\\IdeaProjects\\Eat4Speed\\src\\main\\eat4speed_frontend\\src\\store\\index.js","statementMap":{"0":{"start":{"line":4,"column":0},"end":{"line":4,"column":13}}},"fnMap":{},"branchMap":{},"s":{"0":0},"f":{},"b":{},"hash":"e37710ac8af4f230952576d29301260449247f6d"}
,"C:\\Users\\Daniel\\IdeaProjects\\Eat4Speed\\src\\main\\eat4speed_frontend\\src\\views\\Home.vue": {"path":"C:\\Users\\Daniel\\IdeaProjects\\Eat4Speed\\src\\main\\eat4speed_frontend\\src\\views\\Home.vue","statementMap":{"0":{"start":{"line":10,"column":0},"end":{"line":10,"column":null}}},"fnMap":{},"branchMap":{},"s":{"0":0},"f":{},"b":{}}
}
